#
# There is insufficient memory for the Java Runtime Environment to continue.
# Native memory allocation (malloc) failed to allocate 1493760 bytes for Chunk::new
# Possible reasons:
#   The system is out of physical RAM or swap space
#   The process is running with CompressedOops enabled, and the Java Heap may be blocking the growth of the native heap
# Possible solutions:
#   Reduce memory load on the system
#   Increase physical memory or swap space
#   Check if swap backing store is full
#   Decrease Java heap size (-Xmx/-Xms)
#   Decrease number of Java threads
#   Decrease Java thread stack sizes (-Xss)
#   Set larger code cache with -XX:ReservedCodeCacheSize=
#   JVM is running with Unscaled Compressed Oops mode in which the Java heap is
#     placed in the first 4GB address space. The Java Heap base address is the
#     maximum limit for the native heap growth. Please use -XX:HeapBaseMinAddress
#     to set the Java Heap base and to place the Java Heap above 4GB virtual address.
# This output file may be truncated or incomplete.
#
#  Out of Memory Error (allocation.cpp:389), pid=22316, tid=0x00000000000057a4
#
# JRE version: OpenJDK Runtime Environment (8.0_242-b01) (build 1.8.0_242-release-1644-b01)
# Java VM: OpenJDK 64-Bit Server VM (25.242-b01 mixed mode windows-amd64 compressed oops)
# Failed to write core dump. Minidumps are not enabled by default on client versions of Windows
#

---------------  T H R E A D  ---------------

Current thread (0x000000001741f800):  JavaThread "C2 CompilerThread0" daemon [_thread_in_native, id=22436, stack(0x0000000017cf0000,0x0000000017df0000)]

Stack: [0x0000000017cf0000,0x0000000017df0000]
[error occurred during error reporting (printing stack bounds), id 0xc0000005]

Native frames: (J=compiled Java code, j=interpreted, Vv=VM code, C=native code)


Current CompileTask:
C2:   4264 1612   !   4       java.net.URLClassLoader$1::run (63 bytes)


---------------  P R O C E S S  ---------------

Java Threads: ( => current thread )
  0x000000001a149800 JavaThread "Cache worker for file hash cache (C:\Users\ASUS\.gradle\caches\6.5\fileHashes)" [_thread_blocked, id=7980, stack(0x000000001c310000,0x000000001c410000)]
  0x000000001a14d000 JavaThread "File lock request listener" [_thread_in_native, id=21632, stack(0x000000001c210000,0x000000001c310000)]
  0x0000000019eba800 JavaThread "Cache worker for journal cache (C:\Users\ASUS\.gradle\caches\journal-1)" [_thread_blocked, id=21740, stack(0x000000001c110000,0x000000001c210000)]
  0x00000000185cb000 JavaThread "Thread-9" [_thread_blocked, id=21752, stack(0x000000001be10000,0x000000001bf10000)]
  0x00000000185c6800 JavaThread "Stdin handler" [_thread_blocked, id=21728, stack(0x000000001bd10000,0x000000001be10000)]
  0x0000000019e84800 JavaThread "Asynchronous log dispatcher for DefaultDaemonConnection: socket connection from /127.0.0.1:54280 to /127.0.0.1:54281" [_thread_blocked, id=7564, stack(0x000000001bc10000,0x000000001bd10000)]
  0x0000000018e55000 JavaThread "Daemon worker" [_thread_in_vm, id=21680, stack(0x000000001bb10000,0x000000001bc10000)]
  0x0000000018e52800 JavaThread "Cancel handler" [_thread_blocked, id=21676, stack(0x000000001ba10000,0x000000001bb10000)]
  0x0000000019e26800 JavaThread "Handler for socket connection from /127.0.0.1:54280 to /127.0.0.1:54281" [_thread_in_native, id=21672, stack(0x000000001b910000,0x000000001ba10000)]
  0x0000000019e23800 JavaThread "Daemon" [_thread_blocked, id=14028, stack(0x000000001b810000,0x000000001b910000)]
  0x0000000019e33800 JavaThread "Daemon periodic checks" [_thread_blocked, id=15752, stack(0x000000001b510000,0x000000001b610000)]
  0x0000000019d2b000 JavaThread "Incoming local TCP Connector on port 54280" [_thread_in_native, id=11188, stack(0x000000001b2d0000,0x000000001b3d0000)]
  0x0000000019d79800 JavaThread "Daemon health stats" [_thread_blocked, id=21512, stack(0x000000001ac90000,0x000000001ad90000)]
  0x00000000174b0800 JavaThread "Service Thread" daemon [_thread_blocked, id=22452, stack(0x00000000180f0000,0x00000000181f0000)]
  0x0000000017434800 JavaThread "C1 CompilerThread3" daemon [_thread_blocked, id=22448, stack(0x0000000017ff0000,0x00000000180f0000)]
  0x000000001742d000 JavaThread "C2 CompilerThread2" daemon [_thread_blocked, id=22444, stack(0x0000000017ef0000,0x0000000017ff0000)]
  0x000000001742a000 JavaThread "C2 CompilerThread1" daemon [_thread_in_native, id=22440, stack(0x0000000017df0000,0x0000000017ef0000)]
=>0x000000001741f800 JavaThread "C2 CompilerThread0" daemon [_thread_in_native, id=22436, stack(0x0000000017cf0000,0x0000000017df0000)]
  0x000000001741e000 JavaThread "Attach Listener" daemon [_thread_blocked, id=22432, stack(0x0000000017bf0000,0x0000000017cf0000)]
  0x000000001563e000 JavaThread "Signal Dispatcher" daemon [_thread_blocked, id=22428, stack(0x0000000017af0000,0x0000000017bf0000)]
  0x0000000002b09000 JavaThread "Finalizer" daemon [_thread_blocked, id=22424, stack(0x00000000178f0000,0x00000000179f0000)]
  0x000000001562c000 JavaThread "Reference Handler" daemon [_thread_blocked, id=22420, stack(0x00000000177f0000,0x00000000178f0000)]
  0x0000000002a0d800 JavaThread "main" [_thread_blocked, id=22380, stack(0x00000000028a0000,0x00000000029a0000)]

Other Threads:
  0x0000000015628000 VMThread [stack: 0x00000000172f0000,0x00000000173f0000] [id=22416]
  0x00000000174b1000 WatcherThread [stack: 0x00000000181f0000,0x00000000182f0000] [id=22456]

VM state:not at safepoint (normal execution)

VM Mutex/Monitor currently owned by a thread: None

heap address: 0x00000000c0000000, size: 1024 MB, Compressed Oops mode: 32-bit
Narrow klass base: 0x0000000000000000, Narrow klass shift: 3
Compressed class space size: 1073741824 Address: 0x0000000100000000

Heap:
 PSYoungGen      total 37888K, used 16993K [0x00000000eab00000, 0x00000000ed500000, 0x0000000100000000)
  eden space 32768K, 36% used [0x00000000eab00000,0x00000000eb6a03f0,0x00000000ecb00000)
  from space 5120K, 99% used [0x00000000ecb00000,0x00000000ecff8040,0x00000000ed000000)
  to   space 5120K, 0% used [0x00000000ed000000,0x00000000ed000000,0x00000000ed500000)
 ParOldGen       total 86016K, used 5939K [0x00000000c0000000, 0x00000000c5400000, 0x00000000eab00000)
  object space 86016K, 6% used [0x00000000c0000000,0x00000000c05ccf10,0x00000000c5400000)
 Metaspace       used 18744K, capacity 19374K, committed 19712K, reserved 1067008K
  class space    used 2570K, capacity 2751K, committed 2816K, reserved 1048576K

Card table byte_map: [0x0000000011ed0000,0x00000000120e0000] byte_map_base: 0x00000000118d0000

Marking Bits: (ParMarkBitMap*) 0x000000005d53f030
 Begin Bits: [0x0000000012a40000, 0x0000000013a40000)
 End Bits:   [0x0000000013a40000, 0x0000000014a40000)

Polling page: 0x0000000000fc0000

CodeCache: size=245760Kb used=5861Kb max_used=5861Kb free=239898Kb
 bounds [0x0000000002b10000, 0x00000000030d0000, 0x0000000011b10000]
 total_blobs=2158 nmethods=1746 adapters=325
 compilation: enabled

Compilation events (10 events):
Event: 4.208 Thread 0x0000000017434800 1746       3       sun.reflect.ConstructorAccessorImpl::<init> (5 bytes)
Event: 4.208 Thread 0x0000000017434800 nmethod 1746 0x00000000030c6510 code [0x00000000030c6680, 0x00000000030c6890]
Event: 4.221 Thread 0x0000000017434800 1747       3       java.util.LinkedHashMap::afterNodeInsertion (40 bytes)
Event: 4.222 Thread 0x0000000017434800 nmethod 1747 0x00000000030c6950 code [0x00000000030c6ae0, 0x00000000030c7008]
Event: 4.234 Thread 0x0000000017434800 1748       3       sun.reflect.NativeMethodAccessorImpl::invoke (104 bytes)
Event: 4.238 Thread 0x0000000017434800 nmethod 1748 0x00000000030c7590 code [0x00000000030c7800, 0x00000000030c8c98]
Event: 4.250 Thread 0x0000000017434800 1750       3       java.lang.invoke.LambdaForm$Name::lastUseIndex (36 bytes)
Event: 4.251 Thread 0x0000000017434800 nmethod 1750 0x00000000030c9550 code [0x00000000030c96c0, 0x00000000030c9970]
Event: 4.251 Thread 0x0000000017434800 1751   !   3       java.lang.invoke.MemberName::getFieldType (177 bytes)
Event: 4.254 Thread 0x0000000017434800 nmethod 1751 0x00000000030c9a90 code [0x00000000030c9d40, 0x00000000030cb678]

GC Heap History (10 events):
Event: 1.167 GC heap before
{Heap before GC invocations=1 (full 0):
 PSYoungGen      total 37888K, used 32768K [0x00000000eab00000, 0x00000000ed500000, 0x0000000100000000)
  eden space 32768K, 100% used [0x00000000eab00000,0x00000000ecb00000,0x00000000ecb00000)
  from space 5120K, 0% used [0x00000000ed000000,0x00000000ed000000,0x00000000ed500000)
  to   space 5120K, 0% used [0x00000000ecb00000,0x00000000ecb00000,0x00000000ed000000)
 ParOldGen       total 86016K, used 0K [0x00000000c0000000, 0x00000000c5400000, 0x00000000eab00000)
  object space 86016K, 0% used [0x00000000c0000000,0x00000000c0000000,0x00000000c5400000)
 Metaspace       used 7517K, capacity 7774K, committed 8064K, reserved 1056768K
  class space    used 929K, capacity 1037K, committed 1152K, reserved 1048576K
Event: 1.173 GC heap after
Heap after GC invocations=1 (full 0):
 PSYoungGen      total 37888K, used 4592K [0x00000000eab00000, 0x00000000ed500000, 0x0000000100000000)
  eden space 32768K, 0% used [0x00000000eab00000,0x00000000eab00000,0x00000000ecb00000)
  from space 5120K, 89% used [0x00000000ecb00000,0x00000000ecf7c190,0x00000000ed000000)
  to   space 5120K, 0% used [0x00000000ed000000,0x00000000ed000000,0x00000000ed500000)
 ParOldGen       total 86016K, used 16K [0x00000000c0000000, 0x00000000c5400000, 0x00000000eab00000)
  object space 86016K, 0% used [0x00000000c0000000,0x00000000c0004000,0x00000000c5400000)
 Metaspace       used 7517K, capacity 7774K, committed 8064K, reserved 1056768K
  class space    used 929K, capacity 1037K, committed 1152K, reserved 1048576K
}
Event: 1.906 GC heap before
{Heap before GC invocations=2 (full 0):
 PSYoungGen      total 37888K, used 37360K [0x00000000eab00000, 0x00000000ed500000, 0x0000000100000000)
  eden space 32768K, 100% used [0x00000000eab00000,0x00000000ecb00000,0x00000000ecb00000)
  from space 5120K, 89% used [0x00000000ecb00000,0x00000000ecf7c190,0x00000000ed000000)
  to   space 5120K, 0% used [0x00000000ed000000,0x00000000ed000000,0x00000000ed500000)
 ParOldGen       total 86016K, used 16K [0x00000000c0000000, 0x00000000c5400000, 0x00000000eab00000)
  object space 86016K, 0% used [0x00000000c0000000,0x00000000c0004000,0x00000000c5400000)
 Metaspace       used 7759K, capacity 7990K, committed 8320K, reserved 1056768K
  class space    used 952K, capacity 1045K, committed 1152K, reserved 1048576K
Event: 1.913 GC heap after
Heap after GC invocations=2 (full 0):
 PSYoungGen      total 37888K, used 3422K [0x00000000eab00000, 0x00000000ed500000, 0x0000000100000000)
  eden space 32768K, 0% used [0x00000000eab00000,0x00000000eab00000,0x00000000ecb00000)
  from space 5120K, 66% used [0x00000000ed000000,0x00000000ed357810,0x00000000ed500000)
  to   space 5120K, 0% used [0x00000000ecb00000,0x00000000ecb00000,0x00000000ed000000)
 ParOldGen       total 86016K, used 24K [0x00000000c0000000, 0x00000000c5400000, 0x00000000eab00000)
  object space 86016K, 0% used [0x00000000c0000000,0x00000000c0006000,0x00000000c5400000)
 Metaspace       used 7759K, capacity 7990K, committed 8320K, reserved 1056768K
  class space    used 952K, capacity 1045K, committed 1152K, reserved 1048576K
}
Event: 3.040 GC heap before
{Heap before GC invocations=3 (full 0):
 PSYoungGen      total 37888K, used 36190K [0x00000000eab00000, 0x00000000ed500000, 0x0000000100000000)
  eden space 32768K, 100% used [0x00000000eab00000,0x00000000ecb00000,0x00000000ecb00000)
  from space 5120K, 66% used [0x00000000ed000000,0x00000000ed357810,0x00000000ed500000)
  to   space 5120K, 0% used [0x00000000ecb00000,0x00000000ecb00000,0x00000000ed000000)
 ParOldGen       total 86016K, used 24K [0x00000000c0000000, 0x00000000c5400000, 0x00000000eab00000)
  object space 86016K, 0% used [0x00000000c0000000,0x00000000c0006000,0x00000000c5400000)
 Metaspace       used 11870K, capacity 12206K, committed 12544K, reserved 1060864K
  class space    used 1572K, capacity 1681K, committed 1792K, reserved 1048576K
Event: 3.048 GC heap after
Heap after GC invocations=3 (full 0):
 PSYoungGen      total 37888K, used 5088K [0x00000000eab00000, 0x00000000ed500000, 0x0000000100000000)
  eden space 32768K, 0% used [0x00000000eab00000,0x00000000eab00000,0x00000000ecb00000)
  from space 5120K, 99% used [0x00000000ecb00000,0x00000000ecff8020,0x00000000ed000000)
  to   space 5120K, 0% used [0x00000000ed000000,0x00000000ed000000,0x00000000ed500000)
 ParOldGen       total 86016K, used 902K [0x00000000c0000000, 0x00000000c5400000, 0x00000000eab00000)
  object space 86016K, 1% used [0x00000000c0000000,0x00000000c00e1ad8,0x00000000c5400000)
 Metaspace       used 11870K, capacity 12206K, committed 12544K, reserved 1060864K
  class space    used 1572K, capacity 1681K, committed 1792K, reserved 1048576K
}
Event: 3.529 GC heap before
{Heap before GC invocations=4 (full 0):
 PSYoungGen      total 37888K, used 37856K [0x00000000eab00000, 0x00000000ed500000, 0x0000000100000000)
  eden space 32768K, 100% used [0x00000000eab00000,0x00000000ecb00000,0x00000000ecb00000)
  from space 5120K, 99% used [0x00000000ecb00000,0x00000000ecff8020,0x00000000ed000000)
  to   space 5120K, 0% used [0x00000000ed000000,0x00000000ed000000,0x00000000ed500000)
 ParOldGen       total 86016K, used 902K [0x00000000c0000000, 0x00000000c5400000, 0x00000000eab00000)
  object space 86016K, 1% used [0x00000000c0000000,0x00000000c00e1ad8,0x00000000c5400000)
 Metaspace       used 14584K, capacity 15166K, committed 15232K, reserved 1062912K
  class space    used 2000K, capacity 2165K, committed 2176K, reserved 1048576K
Event: 3.536 GC heap after
Heap after GC invocations=4 (full 0):
 PSYoungGen      total 37888K, used 5088K [0x00000000eab00000, 0x00000000ed500000, 0x0000000100000000)
  eden space 32768K, 0% used [0x00000000eab00000,0x00000000eab00000,0x00000000ecb00000)
  from space 5120K, 99% used [0x00000000ed000000,0x00000000ed4f81e0,0x00000000ed500000)
  to   space 5120K, 0% used [0x00000000ecb00000,0x00000000ecb00000,0x00000000ed000000)
 ParOldGen       total 86016K, used 3164K [0x00000000c0000000, 0x00000000c5400000, 0x00000000eab00000)
  object space 86016K, 3% used [0x00000000c0000000,0x00000000c0317008,0x00000000c5400000)
 Metaspace       used 14584K, capacity 15166K, committed 15232K, reserved 1062912K
  class space    used 2000K, capacity 2165K, committed 2176K, reserved 1048576K
}
Event: 3.978 GC heap before
{Heap before GC invocations=5 (full 0):
 PSYoungGen      total 37888K, used 37856K [0x00000000eab00000, 0x00000000ed500000, 0x0000000100000000)
  eden space 32768K, 100% used [0x00000000eab00000,0x00000000ecb00000,0x00000000ecb00000)
  from space 5120K, 99% used [0x00000000ed000000,0x00000000ed4f81e0,0x00000000ed500000)
  to   space 5120K, 0% used [0x00000000ecb00000,0x00000000ecb00000,0x00000000ed000000)
 ParOldGen       total 86016K, used 3164K [0x00000000c0000000, 0x00000000c5400000, 0x00000000eab00000)
  object space 86016K, 3% used [0x00000000c0000000,0x00000000c0317008,0x00000000c5400000)
 Metaspace       used 17526K, capacity 18182K, committed 18560K, reserved 1064960K
  class space    used 2395K, capacity 2575K, committed 2688K, reserved 1048576K
Event: 3.990 GC heap after
Heap after GC invocations=5 (full 0):
 PSYoungGen      total 37888K, used 5088K [0x00000000eab00000, 0x00000000ed500000, 0x0000000100000000)
  eden space 32768K, 0% used [0x00000000eab00000,0x00000000eab00000,0x00000000ecb00000)
  from space 5120K, 99% used [0x00000000ecb00000,0x00000000ecff8040,0x00000000ed000000)
  to   space 5120K, 0% used [0x00000000ed000000,0x00000000ed000000,0x00000000ed500000)
 ParOldGen       total 86016K, used 5939K [0x00000000c0000000, 0x00000000c5400000, 0x00000000eab00000)
  object space 86016K, 6% used [0x00000000c0000000,0x00000000c05ccf10,0x00000000c5400000)
 Metaspace       used 17526K, capacity 18182K, committed 18560K, reserved 1064960K
  class space    used 2395K, capacity 2575K, committed 2688K, reserved 1048576K
}

Deoptimization events (10 events):
Event: 3.449 Thread 0x0000000018e55000 Uncommon trap: reason=class_check action=maybe_recompile pc=0x0000000002e3d898 method=java.util.regex.Matcher.match(II)Z @ 86
Event: 3.449 Thread 0x0000000018e55000 Uncommon trap: reason=class_check action=maybe_recompile pc=0x0000000002e3d898 method=java.util.regex.Matcher.match(II)Z @ 86
Event: 3.449 Thread 0x0000000018e55000 Uncommon trap: reason=class_check action=maybe_recompile pc=0x0000000002cc3c4c method=java.util.regex.Matcher.match(II)Z @ 86
Event: 3.606 Thread 0x0000000018e55000 Uncommon trap: reason=unstable_if action=reinterpret pc=0x0000000002e3668c method=java.io.File.getName()Ljava/lang/String; @ 16
Event: 3.868 Thread 0x0000000018e55000 Uncommon trap: reason=unstable_if action=reinterpret pc=0x0000000002e34a70 method=java.util.LinkedHashMap.afterNodeInsertion(Z)V @ 1
Event: 3.869 Thread 0x0000000018e55000 Uncommon trap: reason=unstable_if action=reinterpret pc=0x0000000002d6c144 method=java.util.HashMap.getNode(ILjava/lang/Object;)Ljava/util/HashMap$Node; @ 129
Event: 3.869 Thread 0x0000000018e55000 Uncommon trap: reason=bimorphic action=maybe_recompile pc=0x0000000002fec940 method=java.util.HashMap.putVal(ILjava/lang/Object;Ljava/lang/Object;ZZ)Ljava/lang/Object; @ 203
Event: 3.871 Thread 0x0000000018e55000 Uncommon trap: reason=unstable_if action=reinterpret pc=0x0000000002d70310 method=java.util.HashMap.getNode(ILjava/lang/Object;)Ljava/util/HashMap$Node; @ 129
Event: 3.871 Thread 0x0000000018e55000 Uncommon trap: reason=bimorphic action=maybe_recompile pc=0x0000000002fec940 method=java.util.HashMap.putVal(ILjava/lang/Object;Ljava/lang/Object;ZZ)Ljava/lang/Object; @ 203
Event: 4.061 Thread 0x0000000018e55000 Uncommon trap: reason=unstable_if action=reinterpret pc=0x000000000302a8cc method=java.util.jar.Attributes$Name.isDigit(C)Z @ 3

Classes redefined (0 events):
No events

Internal exceptions (10 events):
Event: 3.063 Thread 0x0000000019e26800 Exception <a 'java/lang/NoSuchMethodError': <clinit>> (0x00000000eab52e40) thrown at [C:\src\AOSP-openjdk-git\hotspot\src\share\vm\prims\jni.cpp, line 1615]
Event: 3.068 Thread 0x0000000019e26800 Exception <a 'java/lang/NoSuchMethodError': <clinit>> (0x00000000eab69190) thrown at [C:\src\AOSP-openjdk-git\hotspot\src\share\vm\prims\jni.cpp, line 1615]
Event: 3.083 Thread 0x0000000019e26800 Exception <a 'java/lang/NoSuchMethodError': <clinit>> (0x00000000eac05bd8) thrown at [C:\src\AOSP-openjdk-git\hotspot\src\share\vm\prims\jni.cpp, line 1615]
Event: 3.088 Thread 0x0000000019e26800 Exception <a 'java/lang/NoSuchMethodError': <clinit>> (0x00000000eac352d0) thrown at [C:\src\AOSP-openjdk-git\hotspot\src\share\vm\prims\jni.cpp, line 1615]
Event: 3.095 Thread 0x0000000019e26800 Exception <a 'java/lang/NoSuchMethodError': <clinit>> (0x00000000eac63880) thrown at [C:\src\AOSP-openjdk-git\hotspot\src\share\vm\prims\jni.cpp, line 1615]
Event: 3.097 Thread 0x0000000019e26800 Exception <a 'java/lang/NoSuchMethodError': <clinit>> (0x00000000eac6fcf8) thrown at [C:\src\AOSP-openjdk-git\hotspot\src\share\vm\prims\jni.cpp, line 1615]
Event: 3.658 Thread 0x0000000018e55000 Exception <a 'java/lang/NoSuchMethodError': java.lang.Object.lambda$and$0(Ljava/util/function/Predicate;Ljava/lang/Object;)Z> (0x00000000eb0dfd30) thrown at [C:\src\AOSP-openjdk-git\hotspot\src\share\vm\interpreter\linkResolver.cpp, line 620]
Event: 3.668 Thread 0x0000000018e55000 Exception <a 'java/lang/IncompatibleClassChangeError': Found class java.lang.Object, but interface was expected> (0x00000000eb0f0028) thrown at [C:\src\AOSP-openjdk-git\hotspot\src\share\vm\interpreter\linkResolver.cpp, line 653]
Event: 3.673 Thread 0x0000000018e55000 Exception <a 'java/lang/NoSuchMethodError': java.lang.Object.lambda$or$2(Ljava/util/function/Predicate;Ljava/lang/Object;)Z> (0x00000000eb0f4ba8) thrown at [C:\src\AOSP-openjdk-git\hotspot\src\share\vm\interpreter\linkResolver.cpp, line 620]
Event: 3.928 Thread 0x0000000018e55000 Exception <a 'java/lang/NoSuchMethodError': java.lang.Object.lambda$static$0(Lorg/gradle/internal/state/ModelObject;)Ljava/lang/String;> (0x00000000ec8dd028) thrown at [C:\src\AOSP-openjdk-git\hotspot\src\share\vm\interpreter\linkResolver.cpp, line 620]

Events (10 events):
Event: 4.256 loading class org/gradle/initialization/LoadBuildBuildOperationType$Result
Event: 4.256 loading class org/gradle/initialization/LoadBuildBuildOperationType$Result done
Event: 4.257 loading class org/gradle/initialization/BuildOperatingFiringSettingsPreparer$1
Event: 4.257 loading class org/gradle/initialization/BuildOperatingFiringSettingsPreparer$1 done
Event: 4.258 loading class org/gradle/initialization/DefaultSettingsPreparer
Event: 4.258 loading class org/gradle/initialization/DefaultSettingsPreparer done
Event: 4.258 loading class org/gradle/invocation/DefaultGradle
Event: 4.258 loading class org/gradle/invocation/DefaultGradle done
Event: 4.260 loading class org/gradle/api/internal/GradleInternal
Event: 4.260 loading class org/gradle/api/internal/GradleInternal done


Dynamic libraries:
0x00007ff7b4bc0000 - 0x00007ff7b4bf1000 	C:\Program Files\Android\Android Studio\jre\bin\java.exe
0x00007ffc96490000 - 0x00007ffc96686000 	C:\WINDOWS\SYSTEM32\ntdll.dll
0x00007ffc96280000 - 0x00007ffc9633d000 	C:\WINDOWS\System32\KERNEL32.DLL
0x00007ffc93f80000 - 0x00007ffc94249000 	C:\WINDOWS\System32\KERNELBASE.dll
0x00007ffc95730000 - 0x00007ffc957dc000 	C:\WINDOWS\System32\ADVAPI32.dll
0x00007ffc95840000 - 0x00007ffc958de000 	C:\WINDOWS\System32\msvcrt.dll
0x00007ffc95470000 - 0x00007ffc9550c000 	C:\WINDOWS\System32\sechost.dll
0x00007ffc958e0000 - 0x00007ffc95a0b000 	C:\WINDOWS\System32\RPCRT4.dll
0x00007ffc95ea0000 - 0x00007ffc96040000 	C:\WINDOWS\System32\USER32.dll
0x00007ffc94360000 - 0x00007ffc94382000 	C:\WINDOWS\System32\win32u.dll
0x00007ffc96340000 - 0x00007ffc9636a000 	C:\WINDOWS\System32\GDI32.dll
0x00007ffc93e40000 - 0x00007ffc93f4b000 	C:\WINDOWS\System32\gdi32full.dll
0x00007ffc93c20000 - 0x00007ffc93cbd000 	C:\WINDOWS\System32\msvcp_win.dll
0x00007ffc93d40000 - 0x00007ffc93e40000 	C:\WINDOWS\System32\ucrtbase.dll
0x00007ffc7f0f0000 - 0x00007ffc7f38b000 	C:\WINDOWS\WinSxS\amd64_microsoft.windows.common-controls_6595b64144ccf1df_6.0.19041.746_none_ca02b4b61b8320a4\COMCTL32.dll
0x00007ffc96370000 - 0x00007ffc963a0000 	C:\WINDOWS\System32\IMM32.DLL
0x000000005cc90000 - 0x000000005cd62000 	C:\Program Files\Android\Android Studio\jre\jre\bin\msvcr100.dll
0x000000005cd70000 - 0x000000005d5bb000 	C:\Program Files\Android\Android Studio\jre\jre\bin\server\jvm.dll
0x00007ffc94a80000 - 0x00007ffc94a88000 	C:\WINDOWS\System32\PSAPI.DLL
0x00007ffc8d960000 - 0x00007ffc8d96a000 	C:\WINDOWS\SYSTEM32\VERSION.dll
0x00007ffc83d50000 - 0x00007ffc83d77000 	C:\WINDOWS\SYSTEM32\WINMM.dll
0x00007ffc8f310000 - 0x00007ffc8f319000 	C:\WINDOWS\SYSTEM32\WSOCK32.dll
0x00007ffc95530000 - 0x00007ffc9559b000 	C:\WINDOWS\System32\WS2_32.dll
0x00007ffc84850000 - 0x00007ffc8485f000 	C:\Program Files\Android\Android Studio\jre\jre\bin\verify.dll
0x00007ffc832c0000 - 0x00007ffc832e9000 	C:\Program Files\Android\Android Studio\jre\jre\bin\java.dll
0x00007ffc77fa0000 - 0x00007ffc77fb6000 	C:\Program Files\Android\Android Studio\jre\jre\bin\zip.dll
0x00007ffc94d20000 - 0x00007ffc95462000 	C:\WINDOWS\System32\SHELL32.dll
0x00007ffc91d00000 - 0x00007ffc92490000 	C:\WINDOWS\SYSTEM32\windows.storage.dll
0x00007ffc95a10000 - 0x00007ffc95d66000 	C:\WINDOWS\System32\combase.dll
0x00007ffc93630000 - 0x00007ffc9365c000 	C:\WINDOWS\SYSTEM32\Wldp.dll
0x00007ffc95680000 - 0x00007ffc9572e000 	C:\WINDOWS\System32\SHCORE.dll
0x00007ffc957e0000 - 0x00007ffc95835000 	C:\WINDOWS\System32\shlwapi.dll
0x00007ffc93b00000 - 0x00007ffc93b26000 	C:\WINDOWS\SYSTEM32\profapi.dll
0x00007ffc77f60000 - 0x00007ffc77f7a000 	C:\Program Files\Android\Android Studio\jre\jre\bin\net.dll
0x00007ffc933b0000 - 0x00007ffc9341a000 	C:\WINDOWS\system32\mswsock.dll
0x00007ffc77ed0000 - 0x00007ffc77ee3000 	C:\Program Files\Android\Android Studio\jre\jre\bin\nio.dll
0x00007ffc6a540000 - 0x00007ffc6a567000 	C:\Users\ASUS\.gradle\native\f6784746aeab05261644944871eae4fe03e0ef1612fff0a4a95f87b438bc6780\windows-amd64\native-platform.dll
0x00007ffc80a30000 - 0x00007ffc80a3d000 	C:\Program Files\Android\Android Studio\jre\jre\bin\management.dll
0x00007ffc93580000 - 0x00007ffc93598000 	C:\WINDOWS\SYSTEM32\CRYPTSP.dll
0x00007ffc92c80000 - 0x00007ffc92cb4000 	C:\WINDOWS\system32\rsaenh.dll
0x00007ffc93f50000 - 0x00007ffc93f77000 	C:\WINDOWS\System32\bcrypt.dll
0x00007ffc93ac0000 - 0x00007ffc93aee000 	C:\WINDOWS\SYSTEM32\USERENV.dll
0x00007ffc93cc0000 - 0x00007ffc93d40000 	C:\WINDOWS\System32\bcryptprimitives.dll
0x00007ffc935a0000 - 0x00007ffc935ac000 	C:\WINDOWS\SYSTEM32\CRYPTBASE.dll
0x00007ffc93050000 - 0x00007ffc9308b000 	C:\WINDOWS\SYSTEM32\IPHLPAPI.DLL
0x00007ffc95600000 - 0x00007ffc95608000 	C:\WINDOWS\System32\NSI.dll
0x00007ffc8d500000 - 0x00007ffc8d517000 	C:\WINDOWS\SYSTEM32\dhcpcsvc6.DLL
0x00007ffc8d4e0000 - 0x00007ffc8d4fd000 	C:\WINDOWS\SYSTEM32\dhcpcsvc.DLL
0x00007ffc930a0000 - 0x00007ffc9316b000 	C:\WINDOWS\SYSTEM32\DNSAPI.dll
0x00007ffc8d810000 - 0x00007ffc8d81b000 	C:\WINDOWS\SYSTEM32\WINNSI.DLL

VM Arguments:
jvm_args: -Xmx1024m -Dfile.encoding=windows-1252 -Duser.country=IN -Duser.language=en -Duser.variant 
java_command: org.gradle.launcher.daemon.bootstrap.GradleDaemon 6.5
java_class_path (initial): C:\Users\ASUS\.gradle\wrapper\dists\gradle-6.5-bin\6nifqtx7604sqp1q6g8wikw7p\gradle-6.5\lib\gradle-launcher-6.5.jar
Launcher Type: SUN_STANDARD

Environment Variables:
PATH=C:\Program Files (x86)\Common Files\Oracle\Java\javapath;C:\WINDOWS\system32;C:\WINDOWS;C:\WINDOWS\System32\Wbem;C:\WINDOWS\System32\WindowsPowerShell\v1.0\;C:\WINDOWS\System32\OpenSSH\;C:\Program Files\Git\cmd;C:\Program Files\nodejs\;C:\Users\ASUS\AppData\Local\Android\Sdk\platform-tools;C:\Program Files\MySQL\MySQL Shell 8.0\bin\;C:\Program Files\Java\jdk1.8.0_171\bin;C:\Users\ASUS\AppData\Roaming\npm;C:\Users\ASUS\AppData\Local\Programs\Microsoft VS Code\bin;C:\Users\ASUS\AppData\Local\Programs\Fiddler;C:\Program Files\MongoDB\Server\4.2\bin;C:\Program Files\heroku\bin;C:\php;C:\Users\ASUS\AppData\Local\Microsoft\WindowsApps;C:\Users\ASUS\AppData\Local\GitHubDesktop\bin
USERNAME=Naveen AND Dev
OS=Windows_NT
PROCESSOR_IDENTIFIER=Intel64 Family 6 Model 158 Stepping 10, GenuineIntel



---------------  S Y S T E M  ---------------

OS: Windows 10.0 , 64 bit Build 19041 (10.0.19041.804)

CPU:total 8 (initial active 8) (4 cores per cpu, 2 threads per core) family 6 model 158 stepping 10, cmov, cx8, fxsr, mmx, sse, sse2, sse3, ssse3, sse4.1, sse4.2, popcnt, avx, avx2, aes, clmul, erms, 3dnowpref, lzcnt, ht, tsc, tscinvbit, bmi1, bmi2, adx

Memory: 4k page, physical 8237028k(128184k free), swap 33402852k(5140k free)

vm_info: OpenJDK 64-Bit Server VM (25.242-b01) for windows-amd64 JRE (1.8.0_242-release-1644-b01), built by "builder" with MS VC++ 10.0 (VS2010)

time: Wed Feb 17 08:38:58 2021
timezone: India Standard Time
elapsed time: 4 seconds (0d 0h 0m 4s)

