#
# There is insufficient memory for the Java Runtime Environment to continue.
# Native memory allocation (malloc) failed to allocate 1499920 bytes for Chunk::new
# Possible reasons:
#   The system is out of physical RAM or swap space
#   The process is running with CompressedOops enabled, and the Java Heap may be blocking the growth of the native heap
# Possible solutions:
#   Reduce memory load on the system
#   Increase physical memory or swap space
#   Check if swap backing store is full
#   Decrease Java heap size (-Xmx/-Xms)
#   Decrease number of Java threads
#   Decrease Java thread stack sizes (-Xss)
#   Set larger code cache with -XX:ReservedCodeCacheSize=
#   JVM is running with Unscaled Compressed Oops mode in which the Java heap is
#     placed in the first 4GB address space. The Java Heap base address is the
#     maximum limit for the native heap growth. Please use -XX:HeapBaseMinAddress
#     to set the Java Heap base and to place the Java Heap above 4GB virtual address.
# This output file may be truncated or incomplete.
#
#  Out of Memory Error (allocation.cpp:389), pid=4316, tid=0x00000000000030b0
#
# JRE version: OpenJDK Runtime Environment (8.0_242-b01) (build 1.8.0_242-release-1644-b01)
# Java VM: OpenJDK 64-Bit Server VM (25.242-b01 mixed mode windows-amd64 compressed oops)
# Failed to write core dump. Minidumps are not enabled by default on client versions of Windows
#

---------------  T H R E A D  ---------------

Current thread (0x0000000018482800):  JavaThread "C2 CompilerThread0" daemon [_thread_in_native, id=12464, stack(0x0000000018d50000,0x0000000018e50000)]

Stack: [0x0000000018d50000,0x0000000018e50000]
[error occurred during error reporting (printing stack bounds), id 0xc0000005]

Native frames: (J=compiled Java code, j=interpreted, Vv=VM code, C=native code)


Current CompileTask:
C2:   4858 2671   !   4       java.net.URLClassLoader$1::run (63 bytes)


---------------  P R O C E S S  ---------------

Java Threads: ( => current thread )
  0x000000001ba57000 JavaThread "Cache worker for file content cache (C:\Users\ASUS\.gradle\caches\6.5\fileContent)" [_thread_blocked, id=4600, stack(0x0000000022b90000,0x0000000022c90000)]
  0x000000001ba52800 JavaThread "Cache worker for execution history cache (C:\Users\ASUS\.gradle\caches\6.5\executionHistory)" [_thread_blocked, id=8148, stack(0x0000000022690000,0x0000000022790000)]
  0x000000001ba55800 JavaThread "Cache worker for cache directory md-rule (C:\Users\ASUS\.gradle\caches\6.5\md-rule)" [_thread_blocked, id=19848, stack(0x0000000022390000,0x0000000022490000)]
  0x000000001ba56800 JavaThread "Cache worker for cache directory md-supplier (C:\Users\ASUS\.gradle\caches\6.5\md-supplier)" [_thread_blocked, id=17052, stack(0x0000000022290000,0x0000000022390000)]
  0x000000001ba55000 JavaThread "Cache worker for checksums cache (E:\D_Folder\Android Project Source Codes\Android Projects\ChitralahariRepo\.gradle\checksums)" [_thread_blocked, id=14752, stack(0x0000000022190000,0x0000000022290000)]
  0x000000001ba52000 JavaThread "jar transforms Thread 20" [_thread_blocked, id=13764, stack(0x0000000021e90000,0x0000000021f90000)]
  0x000000001ba49800 JavaThread "jar transforms Thread 19" [_thread_blocked, id=4392, stack(0x0000000021d90000,0x0000000021e90000)]
  0x000000001ba4e000 JavaThread "jar transforms Thread 18" [_thread_blocked, id=2500, stack(0x0000000021c90000,0x0000000021d90000)]
  0x000000001ba4c000 JavaThread "jar transforms Thread 17" [_thread_blocked, id=1420, stack(0x0000000021b90000,0x0000000021c90000)]
  0x000000001ba4b000 JavaThread "jar transforms Thread 16" [_thread_blocked, id=3648, stack(0x0000000021a90000,0x0000000021b90000)]
  0x000000001ba4f000 JavaThread "jar transforms Thread 15" [_thread_blocked, id=4204, stack(0x0000000021990000,0x0000000021a90000)]
  0x000000001ba50800 JavaThread "jar transforms Thread 14" [_thread_blocked, id=1356, stack(0x0000000021790000,0x0000000021890000)]
  0x000000001ba4d800 JavaThread "jar transforms Thread 13" [_thread_blocked, id=17008, stack(0x0000000021690000,0x0000000021790000)]
  0x000000001ba4c800 JavaThread "jar transforms Thread 12" [_thread_blocked, id=13696, stack(0x0000000021590000,0x0000000021690000)]
  0x000000001ba4f800 JavaThread "jar transforms Thread 11" [_thread_blocked, id=3972, stack(0x0000000021490000,0x0000000021590000)]
  0x000000001ba48000 JavaThread "jar transforms Thread 10" [_thread_blocked, id=7136, stack(0x0000000021390000,0x0000000021490000)]
  0x000000001ba4a800 JavaThread "jar transforms Thread 9" [_thread_blocked, id=8092, stack(0x0000000021290000,0x0000000021390000)]
  0x000000001ba49000 JavaThread "jar transforms Thread 8" [_thread_blocked, id=17060, stack(0x0000000021190000,0x0000000021290000)]
  0x000000001b06d800 JavaThread "jar transforms Thread 7" [_thread_blocked, id=17528, stack(0x0000000021090000,0x0000000021190000)]
  0x000000001b074000 JavaThread "jar transforms Thread 6" [_thread_blocked, id=17272, stack(0x0000000020f90000,0x0000000021090000)]
  0x000000001b072800 JavaThread "jar transforms Thread 5" [_thread_blocked, id=16292, stack(0x0000000020e90000,0x0000000020f90000)]
  0x000000001b071000 JavaThread "jar transforms Thread 4" [_thread_blocked, id=7032, stack(0x0000000020d90000,0x0000000020e90000)]
  0x000000001b070800 JavaThread "jar transforms Thread 3" [_thread_blocked, id=13584, stack(0x000000001f9e0000,0x000000001fae0000)]
  0x000000001b072000 JavaThread "jar transforms Thread 2" [_thread_blocked, id=4740, stack(0x000000001e740000,0x000000001e840000)]
  0x000000001b06f800 JavaThread "jar transforms" [_thread_blocked, id=7348, stack(0x000000001e640000,0x000000001e740000)]
  0x000000001b06f000 JavaThread "Cache worker for file hash cache (E:\D_Folder\Android Project Source Codes\Android Projects\ChitralahariRepo\.gradle\6.5\fileHashes)" [_thread_blocked, id=10408, stack(0x000000001e8d0000,0x000000001e9d0000)]
  0x000000001b073800 JavaThread "Cache worker for file hash cache (C:\Users\ASUS\.gradle\caches\6.5\fileHashes)" [_thread_blocked, id=18168, stack(0x000000001d370000,0x000000001d470000)]
  0x000000001b06e000 JavaThread "File lock request listener" [_thread_in_native, id=13196, stack(0x000000001d270000,0x000000001d370000)]
  0x000000001b0ef800 JavaThread "Cache worker for journal cache (C:\Users\ASUS\.gradle\caches\journal-1)" [_thread_blocked, id=10852, stack(0x000000001d170000,0x000000001d270000)]
  0x00000000196fc000 JavaThread "Thread-9" [_thread_blocked, id=6276, stack(0x000000001ce70000,0x000000001cf70000)]
  0x00000000196e1800 JavaThread "Stdin handler" [_thread_blocked, id=20352, stack(0x000000001cd70000,0x000000001ce70000)]
  0x0000000019610000 JavaThread "Asynchronous log dispatcher for DefaultDaemonConnection: socket connection from /127.0.0.1:59395 to /127.0.0.1:59396" [_thread_blocked, id=12980, stack(0x000000001cc70000,0x000000001cd70000)]
  0x000000001960c800 JavaThread "Daemon worker" [_thread_in_vm, id=11064, stack(0x000000001cb70000,0x000000001cc70000)]
  0x000000001b120000 JavaThread "Cancel handler" [_thread_blocked, id=11068, stack(0x000000001ca70000,0x000000001cb70000)]
  0x000000001afb6000 JavaThread "Handler for socket connection from /127.0.0.1:59395 to /127.0.0.1:59396" [_thread_in_native, id=19944, stack(0x000000001c970000,0x000000001ca70000)]
  0x000000001afa8800 JavaThread "Daemon" [_thread_blocked, id=8288, stack(0x000000001c870000,0x000000001c970000)]
  0x000000001b056800 JavaThread "Daemon periodic checks" [_thread_blocked, id=9840, stack(0x000000001c570000,0x000000001c670000)]
  0x000000001af85000 JavaThread "Incoming local TCP Connector on port 59395" [_thread_in_native, id=11080, stack(0x000000001c330000,0x000000001c430000)]
  0x000000001aeac800 JavaThread "Daemon health stats" [_thread_blocked, id=9208, stack(0x000000001bcf0000,0x000000001bdf0000)]
  0x00000000184ab000 JavaThread "Service Thread" daemon [_thread_blocked, id=8320, stack(0x0000000019150000,0x0000000019250000)]
  0x0000000018490000 JavaThread "C1 CompilerThread3" daemon [_thread_in_native, id=20040, stack(0x0000000019050000,0x0000000019150000)]
  0x000000001848a000 JavaThread "C2 CompilerThread2" daemon [_thread_blocked, id=17000, stack(0x0000000018f50000,0x0000000019050000)]
  0x0000000018487000 JavaThread "C2 CompilerThread1" daemon [_thread_in_native, id=10868, stack(0x0000000018e50000,0x0000000018f50000)]
=>0x0000000018482800 JavaThread "C2 CompilerThread0" daemon [_thread_in_native, id=12464, stack(0x0000000018d50000,0x0000000018e50000)]
  0x0000000018481800 JavaThread "Attach Listener" daemon [_thread_blocked, id=5064, stack(0x0000000018c50000,0x0000000018d50000)]
  0x0000000018480800 JavaThread "Signal Dispatcher" daemon [_thread_blocked, id=15720, stack(0x0000000018b50000,0x0000000018c50000)]
  0x00000000028ae000 JavaThread "Finalizer" daemon [_thread_blocked, id=18172, stack(0x0000000018950000,0x0000000018a50000)]
  0x0000000018470800 JavaThread "Reference Handler" daemon [_thread_blocked, id=8008, stack(0x0000000018850000,0x0000000018950000)]
  0x00000000027ad800 JavaThread "main" [_thread_blocked, id=3372, stack(0x0000000002610000,0x0000000002710000)]

Other Threads:
  0x0000000016668000 VMThread [stack: 0x0000000018350000,0x0000000018450000] [id=12388]
  0x00000000184ac000 WatcherThread [stack: 0x0000000019250000,0x0000000019350000] [id=500]

VM state:not at safepoint (normal execution)

VM Mutex/Monitor currently owned by a thread: None

heap address: 0x00000000a0000000, size: 1536 MB, Compressed Oops mode: 32-bit
Narrow klass base: 0x0000000000000000, Narrow klass shift: 3
Compressed class space size: 1073741824 Address: 0x0000000100000000

Heap:
 PSYoungGen      total 74240K, used 20172K [0x00000000e0000000, 0x00000000e5500000, 0x0000000100000000)
  eden space 64512K, 16% used [0x00000000e0000000,0x00000000e0a33c10,0x00000000e3f00000)
  from space 9728K, 99% used [0x00000000e4980000,0x00000000e52ff5a8,0x00000000e5300000)
  to   space 10752K, 0% used [0x00000000e3f00000,0x00000000e3f00000,0x00000000e4980000)
 ParOldGen       total 58368K, used 9962K [0x00000000a0000000, 0x00000000a3900000, 0x00000000e0000000)
  object space 58368K, 17% used [0x00000000a0000000,0x00000000a09ba878,0x00000000a3900000)
 Metaspace       used 33186K, capacity 34344K, committed 34560K, reserved 1079296K
  class space    used 4488K, capacity 4783K, committed 4864K, reserved 1048576K

Card table byte_map: [0x0000000011c70000,0x0000000011f80000] byte_map_base: 0x0000000011770000

Marking Bits: (ParMarkBitMap*) 0x000000005d53f030
 Begin Bits: [0x0000000012980000, 0x0000000014180000)
 End Bits:   [0x0000000014180000, 0x0000000015980000)

Polling page: 0x00000000025b0000

CodeCache: size=245760Kb used=10315Kb max_used=10326Kb free=235444Kb
 bounds [0x00000000028b0000, 0x00000000032d0000, 0x00000000118b0000]
 total_blobs=3440 nmethods=2749 adapters=604
 compilation: enabled

Compilation events (10 events):
Event: 4.792 Thread 0x0000000018490000 nmethod 2745 0x00000000032aadd0 code [0x00000000032aaf20, 0x00000000032ab070]
Event: 4.807 Thread 0x000000001848a000 nmethod 2689 0x00000000032c4a90 code [0x00000000032c4da0, 0x00000000032c6a20]
Event: 4.807 Thread 0x000000001848a000 2740       4       java.lang.Class::cast (27 bytes)
Event: 4.808 Thread 0x000000001848a000 nmethod 2740 0x00000000032aab10 code [0x00000000032aac40, 0x00000000032aad38]
Event: 4.811 Thread 0x0000000018490000 2746       3       com.google.common.collect.ImmutableList::asImmutableList (18 bytes)
Event: 4.811 Thread 0x0000000018490000 nmethod 2746 0x00000000032afa10 code [0x00000000032afba0, 0x00000000032affd0]
Event: 4.819 Thread 0x0000000018490000 2748       3       java.io.File::getName (42 bytes)
Event: 4.819 Thread 0x0000000018490000 nmethod 2748 0x00000000032af210 code [0x00000000032af3a0, 0x00000000032af868]
Event: 4.832 Thread 0x0000000018490000 2749       3       java.util.concurrent.locks.AbstractQueuedSynchronizer::compareAndSetWaitStatus (13 bytes)
Event: 4.832 Thread 0x0000000018490000 nmethod 2749 0x00000000032aa7d0 code [0x00000000032aa920, 0x00000000032aaa70]

GC Heap History (10 events):
Event: 2.926 GC heap before
{Heap before GC invocations=5 (full 0):
 PSYoungGen      total 37888K, used 37856K [0x00000000e0000000, 0x00000000e2a00000, 0x0000000100000000)
  eden space 32768K, 100% used [0x00000000e0000000,0x00000000e2000000,0x00000000e2000000)
  from space 5120K, 99% used [0x00000000e2500000,0x00000000e29f8020,0x00000000e2a00000)
  to   space 5120K, 0% used [0x00000000e2000000,0x00000000e2000000,0x00000000e2500000)
 ParOldGen       total 86016K, used 3102K [0x00000000a0000000, 0x00000000a5400000, 0x00000000e0000000)
  object space 86016K, 3% used [0x00000000a0000000,0x00000000a0307a80,0x00000000a5400000)
 Metaspace       used 17535K, capacity 18182K, committed 18560K, reserved 1064960K
  class space    used 2395K, capacity 2575K, committed 2688K, reserved 1048576K
Event: 2.932 GC heap after
Heap after GC invocations=5 (full 0):
 PSYoungGen      total 37888K, used 5120K [0x00000000e0000000, 0x00000000e5300000, 0x0000000100000000)
  eden space 32768K, 0% used [0x00000000e0000000,0x00000000e0000000,0x00000000e2000000)
  from space 5120K, 100% used [0x00000000e2000000,0x00000000e2500000,0x00000000e2500000)
  to   space 9728K, 0% used [0x00000000e4980000,0x00000000e4980000,0x00000000e5300000)
 ParOldGen       total 86016K, used 5826K [0x00000000a0000000, 0x00000000a5400000, 0x00000000e0000000)
  object space 86016K, 6% used [0x00000000a0000000,0x00000000a05b0918,0x00000000a5400000)
 Metaspace       used 17535K, capacity 18182K, committed 18560K, reserved 1064960K
  class space    used 2395K, capacity 2575K, committed 2688K, reserved 1048576K
}
Event: 3.219 GC heap before
{Heap before GC invocations=6 (full 0):
 PSYoungGen      total 37888K, used 37612K [0x00000000e0000000, 0x00000000e5300000, 0x0000000100000000)
  eden space 32768K, 99% used [0x00000000e0000000,0x00000000e1fbb3b0,0x00000000e2000000)
  from space 5120K, 100% used [0x00000000e2000000,0x00000000e2500000,0x00000000e2500000)
  to   space 9728K, 0% used [0x00000000e4980000,0x00000000e4980000,0x00000000e5300000)
 ParOldGen       total 86016K, used 5826K [0x00000000a0000000, 0x00000000a5400000, 0x00000000e0000000)
  object space 86016K, 6% used [0x00000000a0000000,0x00000000a05b0918,0x00000000a5400000)
 Metaspace       used 20455K, capacity 21146K, committed 21248K, reserved 1067008K
  class space    used 2850K, capacity 3033K, committed 3072K, reserved 1048576K
Event: 3.226 GC heap after
Heap after GC invocations=6 (full 0):
 PSYoungGen      total 74240K, used 9070K [0x00000000e0000000, 0x00000000e5500000, 0x0000000100000000)
  eden space 64512K, 0% used [0x00000000e0000000,0x00000000e0000000,0x00000000e3f00000)
  from space 9728K, 93% used [0x00000000e4980000,0x00000000e525bab0,0x00000000e5300000)
  to   space 10752K, 0% used [0x00000000e3f00000,0x00000000e3f00000,0x00000000e4980000)
 ParOldGen       total 86016K, used 5834K [0x00000000a0000000, 0x00000000a5400000, 0x00000000e0000000)
  object space 86016K, 6% used [0x00000000a0000000,0x00000000a05b2918,0x00000000a5400000)
 Metaspace       used 20455K, capacity 21146K, committed 21248K, reserved 1067008K
  class space    used 2850K, capacity 3033K, committed 3072K, reserved 1048576K
}
Event: 3.226 GC heap before
{Heap before GC invocations=7 (full 1):
 PSYoungGen      total 74240K, used 9070K [0x00000000e0000000, 0x00000000e5500000, 0x0000000100000000)
  eden space 64512K, 0% used [0x00000000e0000000,0x00000000e0000000,0x00000000e3f00000)
  from space 9728K, 93% used [0x00000000e4980000,0x00000000e525bab0,0x00000000e5300000)
  to   space 10752K, 0% used [0x00000000e3f00000,0x00000000e3f00000,0x00000000e4980000)
 ParOldGen       total 86016K, used 5834K [0x00000000a0000000, 0x00000000a5400000, 0x00000000e0000000)
  object space 86016K, 6% used [0x00000000a0000000,0x00000000a05b2918,0x00000000a5400000)
 Metaspace       used 20455K, capacity 21146K, committed 21248K, reserved 1067008K
  class space    used 2850K, capacity 3033K, committed 3072K, reserved 1048576K
Event: 3.252 GC heap after
Heap after GC invocations=7 (full 1):
 PSYoungGen      total 74240K, used 0K [0x00000000e0000000, 0x00000000e5500000, 0x0000000100000000)
  eden space 64512K, 0% used [0x00000000e0000000,0x00000000e0000000,0x00000000e3f00000)
  from space 9728K, 0% used [0x00000000e4980000,0x00000000e4980000,0x00000000e5300000)
  to   space 10752K, 0% used [0x00000000e3f00000,0x00000000e3f00000,0x00000000e4980000)
 ParOldGen       total 58368K, used 9159K [0x00000000a0000000, 0x00000000a3900000, 0x00000000e0000000)
  object space 58368K, 15% used [0x00000000a0000000,0x00000000a08f1e78,0x00000000a3900000)
 Metaspace       used 20455K, capacity 21146K, committed 21248K, reserved 1067008K
  class space    used 2850K, capacity 3033K, committed 3072K, reserved 1048576K
}
Event: 3.899 GC heap before
{Heap before GC invocations=8 (full 1):
 PSYoungGen      total 74240K, used 64512K [0x00000000e0000000, 0x00000000e5500000, 0x0000000100000000)
  eden space 64512K, 100% used [0x00000000e0000000,0x00000000e3f00000,0x00000000e3f00000)
  from space 9728K, 0% used [0x00000000e4980000,0x00000000e4980000,0x00000000e5300000)
  to   space 10752K, 0% used [0x00000000e3f00000,0x00000000e3f00000,0x00000000e4980000)
 ParOldGen       total 58368K, used 9159K [0x00000000a0000000, 0x00000000a3900000, 0x00000000e0000000)
  object space 58368K, 15% used [0x00000000a0000000,0x00000000a08f1e78,0x00000000a3900000)
 Metaspace       used 24363K, capacity 25356K, committed 25600K, reserved 1071104K
  class space    used 3473K, capacity 3736K, committed 3840K, reserved 1048576K
Event: 3.911 GC heap after
Heap after GC invocations=8 (full 1):
 PSYoungGen      total 75264K, used 5999K [0x00000000e0000000, 0x00000000e5500000, 0x0000000100000000)
  eden space 64512K, 0% used [0x00000000e0000000,0x00000000e0000000,0x00000000e3f00000)
  from space 10752K, 55% used [0x00000000e3f00000,0x00000000e44dbf98,0x00000000e4980000)
  to   space 9728K, 0% used [0x00000000e4980000,0x00000000e4980000,0x00000000e5300000)
 ParOldGen       total 58368K, used 9167K [0x00000000a0000000, 0x00000000a3900000, 0x00000000e0000000)
  object space 58368K, 15% used [0x00000000a0000000,0x00000000a08f3e78,0x00000000a3900000)
 Metaspace       used 24363K, capacity 25356K, committed 25600K, reserved 1071104K
  class space    used 3473K, capacity 3736K, committed 3840K, reserved 1048576K
}
Event: 4.732 GC heap before
{Heap before GC invocations=9 (full 1):
 PSYoungGen      total 75264K, used 70511K [0x00000000e0000000, 0x00000000e5500000, 0x0000000100000000)
  eden space 64512K, 100% used [0x00000000e0000000,0x00000000e3f00000,0x00000000e3f00000)
  from space 10752K, 55% used [0x00000000e3f00000,0x00000000e44dbf98,0x00000000e4980000)
  to   space 9728K, 0% used [0x00000000e4980000,0x00000000e4980000,0x00000000e5300000)
 ParOldGen       total 58368K, used 9167K [0x00000000a0000000, 0x00000000a3900000, 0x00000000e0000000)
  object space 58368K, 15% used [0x00000000a0000000,0x00000000a08f3e78,0x00000000a3900000)
 Metaspace       used 32730K, capacity 33842K, committed 33920K, reserved 1079296K
  class space    used 4411K, capacity 4730K, committed 4736K, reserved 1048576K
Event: 4.747 GC heap after
Heap after GC invocations=9 (full 1):
 PSYoungGen      total 74240K, used 9725K [0x00000000e0000000, 0x00000000e5500000, 0x0000000100000000)
  eden space 64512K, 0% used [0x00000000e0000000,0x00000000e0000000,0x00000000e3f00000)
  from space 9728K, 99% used [0x00000000e4980000,0x00000000e52ff5a8,0x00000000e5300000)
  to   space 10752K, 0% used [0x00000000e3f00000,0x00000000e3f00000,0x00000000e4980000)
 ParOldGen       total 58368K, used 9962K [0x00000000a0000000, 0x00000000a3900000, 0x00000000e0000000)
  object space 58368K, 17% used [0x00000000a0000000,0x00000000a09ba878,0x00000000a3900000)
 Metaspace       used 32730K, capacity 33842K, committed 33920K, reserved 1079296K
  class space    used 4411K, capacity 4730K, committed 4736K, reserved 1048576K
}

Deoptimization events (10 events):
Event: 3.508 Thread 0x000000001960c800 Uncommon trap: reason=unstable_if action=reinterpret pc=0x0000000002b789a8 method=java.util.HashMap.hash(Ljava/lang/Object;)I @ 1
Event: 3.523 Thread 0x000000001960c800 Uncommon trap: reason=unstable_if action=reinterpret pc=0x0000000002ed47bc method=jdk.internal.org.objectweb.asm.Type.getArgumentsAndReturnSizes(Ljava/lang/String;)I @ 88
Event: 3.590 Thread 0x000000001960c800 Uncommon trap: reason=unstable_if action=reinterpret pc=0x0000000002bbef4c method=java.io.WinNTFileSystem.resolve(Ljava/lang/String;Ljava/lang/String;)Ljava/lang/String; @ 49
Event: 4.036 Thread 0x000000001960c800 Uncommon trap: reason=unstable_if action=reinterpret pc=0x0000000002f76a0c method=java.lang.ClassLoader.getClassLoadingLock(Ljava/lang/String;)Ljava/lang/Object; @ 6
Event: 4.069 Thread 0x000000001960c800 Uncommon trap: reason=class_check action=maybe_recompile pc=0x0000000002d3fdc8 method=java.io.BufferedInputStream.read([BII)I @ 101
Event: 4.069 Thread 0x000000001960c800 Uncommon trap: reason=bimorphic action=maybe_recompile pc=0x0000000002f346d0 method=java.io.BufferedInputStream.read([BII)I @ 101
Event: 4.069 Thread 0x000000001960c800 Uncommon trap: reason=bimorphic action=maybe_recompile pc=0x0000000002f346d0 method=java.io.BufferedInputStream.read([BII)I @ 101
Event: 4.070 Thread 0x000000001960c800 Uncommon trap: reason=bimorphic action=maybe_recompile pc=0x0000000002f346d0 method=java.io.BufferedInputStream.read([BII)I @ 101
Event: 4.070 Thread 0x000000001960c800 Uncommon trap: reason=bimorphic action=maybe_recompile pc=0x0000000002f346d0 method=java.io.BufferedInputStream.read([BII)I @ 101
Event: 4.747 Thread 0x0000000018470800 Uncommon trap: reason=unstable_if action=reinterpret pc=0x0000000002e5b0fc method=java.lang.ref.Reference.tryHandlePending(Z)Z @ 104

Classes redefined (0 events):
No events

Internal exceptions (10 events):
Event: 4.554 Thread 0x000000001960c800 Exception <a 'java/lang/ClassNotFoundException': org/gradle/api/internal/artifacts/dsl/dependencies/DefaultDependencyHandler_DecoratedBeanInfo> (0x00000000e2b9de60) thrown at [C:\src\AOSP-openjdk-git\hotspot\src\share\vm\classfile\systemDictionary.cpp, li
Event: 4.555 Thread 0x000000001960c800 Exception <a 'java/lang/ClassNotFoundException': org/gradle/api/internal/artifacts/dsl/dependencies/DefaultDependencyHandlerBeanInfo> (0x00000000e2bf69b0) thrown at [C:\src\AOSP-openjdk-git\hotspot\src\share\vm\classfile\systemDictionary.cpp, line 210]
Event: 4.555 Thread 0x000000001960c800 Exception <a 'java/lang/ClassNotFoundException': org/gradle/api/internal/artifacts/dsl/dependencies/DefaultDependencyHandlerCustomizer> (0x00000000e2c50388) thrown at [C:\src\AOSP-openjdk-git\hotspot\src\share\vm\classfile\systemDictionary.cpp, line 210]
Event: 4.558 Thread 0x000000001960c800 Exception <a 'java/lang/ClassNotFoundException': org/gradle/api/internal/artifacts/dsl/dependencies/DefaultDependencyHandler_DecoratedCustomizer> (0x00000000e2cdb0d0) thrown at [C:\src\AOSP-openjdk-git\hotspot\src\share\vm\classfile\systemDictionary.cpp, 
Event: 4.635 Thread 0x000000001960c800 Exception <a 'java/lang/NoSuchMethodError': java.lang.Object.lambda$static$0(Lorg/gradle/api/internal/artifacts/configurations/MutationValidator$MutationType;)V> (0x00000000e343e7d0) thrown at [C:\src\AOSP-openjdk-git\hotspot\src\share\vm\interpreter\link
Event: 4.681 Thread 0x000000001960c800 Exception <a 'java/lang/NoSuchMethodError': java.lang.Object.lambda$static$0(Lorg/gradle/internal/component/model/DependencyMetadata;)Lorg/gradle/api/internal/artifacts/ivyservice/dependencysubstitution/DependencySubstitutionApplicator$SubstitutionResult;
Event: 4.730 Thread 0x000000001960c800 Exception <a 'java/lang/IncompatibleClassChangeError': Found class java.lang.Object, but interface was expected> (0x00000000e3ef1210) thrown at [C:\src\AOSP-openjdk-git\hotspot\src\share\vm\interpreter\linkResolver.cpp, line 653]
Event: 4.731 Thread 0x000000001960c800 Exception <a 'java/lang/NoSuchMethodError': java.lang.Object.lambda$thenComparing$36697e65$1(Ljava/util/Comparator;Ljava/lang/Object;Ljava/lang/Object;)I> (0x00000000e3efca00) thrown at [C:\src\AOSP-openjdk-git\hotspot\src\share\vm\interpreter\linkResolve
Event: 4.804 Thread 0x000000001960c800 Exception <a 'java/lang/NoSuchMethodError': java.lang.Object.lambda$static$0(Lorg/gradle/api/internal/artifacts/ivyservice/resolveengine/artifact/ArtifactVisitor;)V> (0x00000000e060a210) thrown at [C:\src\AOSP-openjdk-git\hotspot\src\share\vm\interpreter\
Event: 4.818 Thread 0x000000001960c800 Exception <a 'java/lang/NoSuchMethodError': java.lang.Object.lambda$static$0()Z> (0x00000000e08779b8) thrown at [C:\src\AOSP-openjdk-git\hotspot\src\share\vm\interpreter\linkResolver.cpp, line 620]

Events (10 events):
Event: 4.818 loading class org/gradle/internal/component/model/AttributeMatchingExplanationBuilder
Event: 4.818 loading class org/gradle/internal/component/model/AttributeMatchingExplanationBuilder done
Event: 4.818 loading class org/gradle/internal/component/model/LoggingAttributeMatchingExplanationBuilder
Event: 4.818 loading class org/gradle/internal/component/model/LoggingAttributeMatchingExplanationBuilder done
Event: 4.819 loading class org/gradle/api/internal/artifacts/ivyservice/resolveengine/artifact/CompositeResolvedArtifactSet$CompositeResult
Event: 4.819 loading class org/gradle/api/internal/artifacts/ivyservice/resolveengine/artifact/CompositeResolvedArtifactSet$CompositeResult done
Event: 4.820 loading class org/gradle/internal/operations/DefaultBuildOperationQueue$WorkerRunnable
Event: 4.820 loading class org/gradle/internal/operations/DefaultBuildOperationQueue$WorkerRunnable done
Event: 4.820 loading class org/gradle/api/internal/artifacts/result/DefaultResolvedArtifactResult
Event: 4.820 loading class org/gradle/api/internal/artifacts/result/DefaultResolvedArtifactResult done


Dynamic libraries:
0x00007ff7cb8a0000 - 0x00007ff7cb8d1000 	C:\Program Files\Android\Android Studio\jre\bin\java.exe
0x00007ffc96490000 - 0x00007ffc96686000 	C:\WINDOWS\SYSTEM32\ntdll.dll
0x00007ffc96280000 - 0x00007ffc9633d000 	C:\WINDOWS\System32\KERNEL32.DLL
0x00007ffc93f80000 - 0x00007ffc94249000 	C:\WINDOWS\System32\KERNELBASE.dll
0x00007ffc95730000 - 0x00007ffc957dc000 	C:\WINDOWS\System32\ADVAPI32.dll
0x00007ffc95840000 - 0x00007ffc958de000 	C:\WINDOWS\System32\msvcrt.dll
0x00007ffc95470000 - 0x00007ffc9550c000 	C:\WINDOWS\System32\sechost.dll
0x00007ffc958e0000 - 0x00007ffc95a0b000 	C:\WINDOWS\System32\RPCRT4.dll
0x00007ffc95ea0000 - 0x00007ffc96040000 	C:\WINDOWS\System32\USER32.dll
0x00007ffc94360000 - 0x00007ffc94382000 	C:\WINDOWS\System32\win32u.dll
0x00007ffc96340000 - 0x00007ffc9636a000 	C:\WINDOWS\System32\GDI32.dll
0x00007ffc93e40000 - 0x00007ffc93f4b000 	C:\WINDOWS\System32\gdi32full.dll
0x00007ffc93c20000 - 0x00007ffc93cbd000 	C:\WINDOWS\System32\msvcp_win.dll
0x00007ffc93d40000 - 0x00007ffc93e40000 	C:\WINDOWS\System32\ucrtbase.dll
0x00007ffc7f0f0000 - 0x00007ffc7f38b000 	C:\WINDOWS\WinSxS\amd64_microsoft.windows.common-controls_6595b64144ccf1df_6.0.19041.746_none_ca02b4b61b8320a4\COMCTL32.dll
0x00007ffc96370000 - 0x00007ffc963a0000 	C:\WINDOWS\System32\IMM32.DLL
0x000000005cc90000 - 0x000000005cd62000 	C:\Program Files\Android\Android Studio\jre\jre\bin\msvcr100.dll
0x000000005cd70000 - 0x000000005d5bb000 	C:\Program Files\Android\Android Studio\jre\jre\bin\server\jvm.dll
0x00007ffc94a80000 - 0x00007ffc94a88000 	C:\WINDOWS\System32\PSAPI.DLL
0x00007ffc759c0000 - 0x00007ffc759c9000 	C:\WINDOWS\SYSTEM32\WSOCK32.dll
0x00007ffc95530000 - 0x00007ffc9559b000 	C:\WINDOWS\System32\WS2_32.dll
0x00007ffc83d50000 - 0x00007ffc83d77000 	C:\WINDOWS\SYSTEM32\WINMM.dll
0x00007ffc8d960000 - 0x00007ffc8d96a000 	C:\WINDOWS\SYSTEM32\VERSION.dll
0x00007ffc74c70000 - 0x00007ffc74c7f000 	C:\Program Files\Android\Android Studio\jre\jre\bin\verify.dll
0x00007ffc6c340000 - 0x00007ffc6c369000 	C:\Program Files\Android\Android Studio\jre\jre\bin\java.dll
0x00007ffc74990000 - 0x00007ffc749a6000 	C:\Program Files\Android\Android Studio\jre\jre\bin\zip.dll
0x00007ffc94d20000 - 0x00007ffc95462000 	C:\WINDOWS\System32\SHELL32.dll
0x00007ffc91d00000 - 0x00007ffc92490000 	C:\WINDOWS\SYSTEM32\windows.storage.dll
0x00007ffc95a10000 - 0x00007ffc95d66000 	C:\WINDOWS\System32\combase.dll
0x00007ffc93630000 - 0x00007ffc9365c000 	C:\WINDOWS\SYSTEM32\Wldp.dll
0x00007ffc95680000 - 0x00007ffc9572e000 	C:\WINDOWS\System32\SHCORE.dll
0x00007ffc957e0000 - 0x00007ffc95835000 	C:\WINDOWS\System32\shlwapi.dll
0x00007ffc93b00000 - 0x00007ffc93b26000 	C:\WINDOWS\SYSTEM32\profapi.dll
0x00007ffc6c320000 - 0x00007ffc6c33a000 	C:\Program Files\Android\Android Studio\jre\jre\bin\net.dll
0x00007ffc933b0000 - 0x00007ffc9341a000 	C:\WINDOWS\system32\mswsock.dll
0x00007ffc6c300000 - 0x00007ffc6c313000 	C:\Program Files\Android\Android Studio\jre\jre\bin\nio.dll
0x00007ffc4a960000 - 0x00007ffc4a987000 	C:\Users\ASUS\.gradle\native\f6784746aeab05261644944871eae4fe03e0ef1612fff0a4a95f87b438bc6780\windows-amd64\native-platform.dll
0x00007ffc741a0000 - 0x00007ffc741ad000 	C:\Program Files\Android\Android Studio\jre\jre\bin\management.dll
0x00007ffc93580000 - 0x00007ffc93598000 	C:\WINDOWS\SYSTEM32\CRYPTSP.dll
0x00007ffc92c80000 - 0x00007ffc92cb4000 	C:\WINDOWS\system32\rsaenh.dll
0x00007ffc93f50000 - 0x00007ffc93f77000 	C:\WINDOWS\System32\bcrypt.dll
0x00007ffc93ac0000 - 0x00007ffc93aee000 	C:\WINDOWS\SYSTEM32\USERENV.dll
0x00007ffc93cc0000 - 0x00007ffc93d40000 	C:\WINDOWS\System32\bcryptprimitives.dll
0x00007ffc935a0000 - 0x00007ffc935ac000 	C:\WINDOWS\SYSTEM32\CRYPTBASE.dll
0x00007ffc93050000 - 0x00007ffc9308b000 	C:\WINDOWS\SYSTEM32\IPHLPAPI.DLL
0x00007ffc95600000 - 0x00007ffc95608000 	C:\WINDOWS\System32\NSI.dll
0x00007ffc8d500000 - 0x00007ffc8d517000 	C:\WINDOWS\SYSTEM32\dhcpcsvc6.DLL
0x00007ffc8d4e0000 - 0x00007ffc8d4fd000 	C:\WINDOWS\SYSTEM32\dhcpcsvc.DLL
0x00007ffc930a0000 - 0x00007ffc9316b000 	C:\WINDOWS\SYSTEM32\DNSAPI.dll
0x00007ffc8d810000 - 0x00007ffc8d81b000 	C:\WINDOWS\SYSTEM32\WINNSI.DLL

VM Arguments:
jvm_args: -Xmx1536m -Dfile.encoding=windows-1252 -Duser.country=IN -Duser.language=en -Duser.variant 
java_command: org.gradle.launcher.daemon.bootstrap.GradleDaemon 6.5
java_class_path (initial): C:\Users\ASUS\.gradle\wrapper\dists\gradle-6.5-bin\6nifqtx7604sqp1q6g8wikw7p\gradle-6.5\lib\gradle-launcher-6.5.jar
Launcher Type: SUN_STANDARD

Environment Variables:
PATH=C:\Program Files (x86)\Common Files\Oracle\Java\javapath;C:\WINDOWS\system32;C:\WINDOWS;C:\WINDOWS\System32\Wbem;C:\WINDOWS\System32\WindowsPowerShell\v1.0\;C:\WINDOWS\System32\OpenSSH\;C:\Program Files\Git\cmd;C:\Program Files\nodejs\;C:\Users\ASUS\AppData\Local\Android\Sdk\platform-tools;C:\Program Files\MySQL\MySQL Shell 8.0\bin\;C:\Program Files\Java\jdk1.8.0_171\bin;C:\Users\ASUS\AppData\Roaming\npm;C:\Users\ASUS\AppData\Local\Programs\Microsoft VS Code\bin;C:\Users\ASUS\AppData\Local\Programs\Fiddler;C:\Program Files\MongoDB\Server\4.2\bin;C:\Program Files\heroku\bin;C:\php;C:\Users\ASUS\AppData\Local\Microsoft\WindowsApps;C:\Users\ASUS\AppData\Local\GitHubDesktop\bin
USERNAME=Naveen AND Dev
OS=Windows_NT
PROCESSOR_IDENTIFIER=Intel64 Family 6 Model 158 Stepping 10, GenuineIntel



---------------  S Y S T E M  ---------------

OS: Windows 10.0 , 64 bit Build 19041 (10.0.19041.804)

CPU:total 8 (initial active 8) (4 cores per cpu, 2 threads per core) family 6 model 158 stepping 10, cmov, cx8, fxsr, mmx, sse, sse2, sse3, ssse3, sse4.1, sse4.2, popcnt, avx, avx2, aes, clmul, erms, 3dnowpref, lzcnt, ht, tsc, tscinvbit, bmi1, bmi2, adx

Memory: 4k page, physical 8237028k(172228k free), swap 33402852k(4608k free)

vm_info: OpenJDK 64-Bit Server VM (25.242-b01) for windows-amd64 JRE (1.8.0_242-release-1644-b01), built by "builder" with MS VC++ 10.0 (VS2010)

time: Wed Feb 17 07:53:32 2021
timezone: India Standard Time
elapsed time: 4 seconds (0d 0h 0m 4s)

